1




 **** FLASH CALCULATION ****
 MODEL USED FOR LIQUID PHASE NON-IDEALITY: UNIFAC


 COMPONENTS : "llecalas2"                                                             


 SUB GROUPS :  1  2  3 10 12 15 17 22 43
 MAIN GROUPS:  1  1  1  3  4  5  7 11 20
 COMPONENT
       1       1  0  0  0  0  0  0  0  1
       2       0  2  1  0  0  3  0  0  0
       3       0  2  1  0  0  2  0  1  0
       4       0  2  1  0  0  1  0  2  0
       5       0  2  1  0  0  0  0  3  0
       6       0  0  0  0  0  0  1  0  0
       7       0  0  0  5  1  0  0  0  0



 GROUP R- AND Q-VALUES

   1    0.9010    0.8480
   2    0.6740    0.5400
   3    0.4470    0.2280
  10    0.5310    0.4000
  12    1.2660    0.9680
  15    1.0000    1.2000
  17    0.9200    1.4000
  22    1.9030    1.7280
  43    1.3010    1.2240



  INTERACTION PARAMETERS

        0.000      61.130      76.500     986.500    1318.000     232.100     663.500
      -11.120       0.000     167.000     636.100     903.800       5.994     537.400
      -69.700    -146.800       0.000     803.200    5695.000    5688.000     872.300
      156.400      89.600      25.820       0.000     353.500     101.100     199.000
      300.000     362.300     377.600    -229.100       0.000      72.870     -14.090
      114.800      85.840    -170.000     245.400     200.800       0.000     660.200
      315.300      62.320      89.860    -151.000     -66.170    -256.300       0.000



 UNIFAC MOLECULAR R AND Q

    1         2.2020         2.0720
    2         4.7950         4.9080
    3         5.6980         5.4360
    4         6.6010         5.9640
    5         7.5040         6.4920
    6         0.9200         1.4000
    7         3.9210         2.9680



 * * * FLASH NUMBER  1 * * *


 TEMPERATURE =  358.1500 K, PRESSURE =  1.000 ATM, FEED =      0.79 MOLES
 FEED COMPOSITION (MOLE PERCENT):
  59.194  3.778  3.778  7.557  1.763 23.929  0.000

 * SYSTEM IS STABLE *

